sfml-window-s.lib(VideoModeImpl.cpp.obj) : error LNK2001: unresolved external symbol __imp_EnumDisplaySettingsW
sfml-window-s.lib(InputImpl.cpp.obj) : error LNK2001: unresolved external symbol __imp_GetAsyncKeyState
sfml-window-s.lib(InputImpl.cpp.obj) : error LNK2001: unresolved external symbol __imp_GetSystemMetrics
sfml-window-s.lib(InputImpl.cpp.obj) : error LNK2001: unresolved external symbol __imp_SetCursorPos
sfml-window-s.lib(InputImpl.cpp.obj) : error LNK2001: unresolved external symbol __imp_GetCursorPos
sfml-window-s.lib(InputImpl.cpp.obj) : error LNK2001: unresolved external symbol __imp_ClientToScreen
sfml-window-s.lib(InputImpl.cpp.obj) : error LNK2001: unresolved external symbol __imp_ScreenToClient
sfml-window-s.lib(WindowImplWin32.cpp.obj) : error LNK2001: unresolved external symbol __imp_ScreenToClient
sfml-window-s.lib(CursorImpl.cpp.obj) : error LNK2001: unresolved external symbol __imp_GetDC
sfml-window-s.lib(WglContext.cpp.obj) : error LNK2001: unresolved external symbol __imp_GetDC
sfml-window-s.lib(WindowImplWin32.cpp.obj) : error LNK2001: unresolved external symbol __imp_GetDC
sfml-window-s.lib(CursorImpl.cpp.obj) : error LNK2001: unresolved external symbol __imp_ReleaseDC
sfml-window-s.lib(WglContext.cpp.obj) : error LNK2001: unresolved external symbol __imp_ReleaseDC
sfml-window-s.lib(WindowImplWin32.cpp.obj) : error LNK2001: unresolved external symbol __imp_ReleaseDC
sfml-window-s.lib(CursorImpl.cpp.obj) : error LNK2001: unresolved external symbol __imp_LoadCursorW
sfml-window-s.lib(WindowImplWin32.cpp.obj) : error LNK2001: unresolved external symbol __imp_LoadCursorW
sfml-window-s.lib(CursorImpl.cpp.obj) : error LNK2001: unresolved external symbol __imp_DestroyCursor
sfml-window-s.lib(CursorImpl.cpp.obj) : error LNK2001: unresolved external symbol __imp_CreateIconIndirect
sfml-window-s.lib(CursorImpl.cpp.obj) : error LNK2001: unresolved external symbol __imp_CopyIcon
sfml-window-s.lib(WglContext.cpp.obj) : error LNK2001: unresolved external symbol __imp_CreateWindowExA
sfml-window-s.lib(WglContext.cpp.obj) : error LNK2001: unresolved external symbol __imp_DestroyWindow
sfml-window-s.lib(WindowImplWin32.cpp.obj) : error LNK2001: unresolved external symbol __imp_DestroyWindow
sfml-window-s.lib(WglContext.cpp.obj) : error LNK2001: unresolved external symbol __imp_ShowWindow
sfml-window-s.lib(WindowImplWin32.cpp.obj) : error LNK2001: unresolved external symbol __imp_ShowWindow
sfml-window-s.lib(WindowImplWin32.cpp.obj) : error LNK2001: unresolved external symbol __imp_TrackMouseEvent
sfml-window-s.lib(WindowImplWin32.cpp.obj) : error LNK2001: unresolved external symbol __imp_TranslateMessage
sfml-window-s.lib(WindowImplWin32.cpp.obj) : error LNK2001: unresolved external symbol __imp_DispatchMessageW
sfml-window-s.lib(WindowImplWin32.cpp.obj) : error LNK2001: unresolved external symbol __imp_PeekMessageW
sfml-window-s.lib(WindowImplWin32.cpp.obj) : error LNK2001: unresolved external symbol __imp_SendMessageW
sfml-window-s.lib(WindowImplWin32.cpp.obj) : error LNK2001: unresolved external symbol __imp_RegisterDeviceNotificationW
sfml-window-s.lib(WindowImplWin32.cpp.obj) : error LNK2001: unresolved external symbol __imp_DefWindowProcW
sfml-window-s.lib(WindowImplWin32.cpp.obj) : error LNK2001: unresolved external symbol __imp_CallWindowProcW
sfml-window-s.lib(WindowImplWin32.cpp.obj) : error LNK2001: unresolved external symbol __imp_RegisterClassW
sfml-window-s.lib(WindowImplWin32.cpp.obj) : error LNK2001: unresolved external symbol __imp_UnregisterClassW
sfml-window-s.lib(WindowImplWin32.cpp.obj) : error LNK2001: unresolved external symbol __imp_CreateWindowExW
sfml-window-s.lib(WindowImplWin32.cpp.obj) : error LNK2001: unresolved external symbol __imp_FlashWindowEx
sfml-window-s.lib(WindowImplWin32.cpp.obj) : error LNK2001: unresolved external symbol __imp_SetWindowPos
sfml-window-s.lib(WindowImplWin32.cpp.obj) : error LNK2001: unresolved external symbol __imp_GetKeyState
sfml-window-s.lib(WindowImplWin32.cpp.obj) : error LNK2001: unresolved external symbol __imp_MapVirtualKeyW
sfml-window-s.lib(WindowImplWin32.cpp.obj) : error LNK2001: unresolved external symbol __imp_GetCapture
sfml-window-s.lib(WindowImplWin32.cpp.obj) : error LNK2001: unresolved external symbol __imp_SetCapture
sfml-window-s.lib(WindowImplWin32.cpp.obj) : error LNK2001: unresolved external symbol __imp_ReleaseCapture
sfml-window-s.lib(WindowImplWin32.cpp.obj) : error LNK2001: unresolved external symbol __imp_GetForegroundWindow
sfml-window-s.lib(WindowImplWin32.cpp.obj) : error LNK2001: unresolved external symbol __imp_SetForegroundWindow
sfml-window-s.lib(WindowImplWin32.cpp.obj) : error LNK2001: unresolved external symbol __imp_SetWindowTextW
sfml-window-s.lib(WindowImplWin32.cpp.obj) : error LNK2001: unresolved external symbol __imp_GetClientRect
sfml-window-s.lib(WindowImplWin32.cpp.obj) : error LNK2001: unresolved external symbol __imp_GetWindowRect
sfml-window-s.lib(WindowImplWin32.cpp.obj) : error LNK2001: unresolved external symbol __imp_AdjustWindowRect
sfml-window-s.lib(WindowImplWin32.cpp.obj) : error LNK2001: unresolved external symbol __imp_ShowCursor
sfml-window-s.lib(WindowImplWin32.cpp.obj) : error LNK2001: unresolved external symbol __imp_SetCursor
sfml-window-s.lib(WindowImplWin32.cpp.obj) : error LNK2001: unresolved external symbol __imp_MapWindowPoints
sfml-window-s.lib(WindowImplWin32.cpp.obj) : error LNK2001: unresolved external symbol __imp_ClipCursor
sfml-window-s.lib(WindowImplWin32.cpp.obj) : error LNK2001: unresolved external symbol __imp_GetWindowLongW
sfml-window-s.lib(WindowImplWin32.cpp.obj) : error LNK2001: unresolved external symbol __imp_SetWindowLongW
sfml-window-s.lib(WindowImplWin32.cpp.obj) : error LNK2001: unresolved external symbol __imp_GetWindowLongPtrW
sfml-window-s.lib(WindowImplWin32.cpp.obj) : error LNK2001: unresolved external symbol __imp_SetWindowLongPtrW
sfml-window-s.lib(WindowImplWin32.cpp.obj) : error LNK2001: unresolved external symbol __imp_GetWindowThreadProcessId
sfml-window-s.lib(WindowImplWin32.cpp.obj) : error LNK2001: unresolved external symbol __imp_CreateIcon
sfml-window-s.lib(WindowImplWin32.cpp.obj) : error LNK2001: unresolved external symbol __imp_DestroyIcon
sfml-window-s.lib(WindowImplWin32.cpp.obj) : error LNK2001: unresolved external symbol __imp_ChangeDisplaySettingsW
sfml-window-s.lib(JoystickImpl.cpp.obj) : error LNK2001: unresolved external symbol __imp_RegCloseKey
sfml-window-s.lib(JoystickImpl.cpp.obj) : error LNK2001: unresolved external symbol __imp_RegOpenKeyExW
sfml-window-s.lib(JoystickImpl.cpp.obj) : error LNK2001: unresolved external symbol __imp_RegQueryValueExW
C:\Users\sfg99\Code\GringleHeim_Debug-main\x64\Release\GringleHeim.exe : fatal error LNK1120: 55 unresolved externals
